<?xml version="1.0" encoding="UTF-8"?>
<!-- Generated by org.testng.reporters.JUnitReportReporter -->
<testsuite hostname="jessy" failures="0" tests="2" name="test_dao.CuaHangDaoTest" time="0.025" errors="0" timestamp="2024-08-08T07:16:54 ICT" skipped="0">
  <testcase classname="test_dao.CuaHangDaoTest" name="testSelectAll" time="0.014"/>
  <testcase classname="test_dao.CuaHangDaoTest" name="testSelectBySql" time="0.011"/>
</testsuite> <!-- test_dao.CuaHangDaoTest -->
