<?xml version="1.0" encoding="UTF-8"?>
<!-- Generated by org.testng.reporters.JUnitReportReporter -->
<testsuite hostname="jessy" failures="0" tests="7" name="test_dao.sanphamdaotest" time="0.091" errors="0" timestamp="2024-08-08T07:16:54 ICT" skipped="0">
  <testcase classname="test_dao.sanphamdaotest" name="testSelectById" time="0.008"/>
  <testcase classname="test_dao.sanphamdaotest" name="testSelectByNhaCungCap" time="0.010"/>
  <testcase classname="test_dao.sanphamdaotest" name="testUpdate" time="0.023"/>
  <testcase classname="test_dao.sanphamdaotest" name="testSelectAll" time="0.010"/>
  <testcase classname="test_dao.sanphamdaotest" name="testInsert" time="0.020"/>
  <testcase classname="test_dao.sanphamdaotest" name="testSelectBySql" time="0.010"/>
  <testcase classname="test_dao.sanphamdaotest" name="testSelectByKeyword" time="0.010"/>
</testsuite> <!-- test_dao.sanphamdaotest -->
