<?xml version="1.0" encoding="UTF-8"?>
<!-- Generated by org.testng.reporters.JUnitReportReporter -->
<testsuite hostname="jessy" failures="0" tests="6" name="test_dao.ChiTietPhieuNhapTest" time="0.094" errors="0" timestamp="2024-08-08T07:16:54 ICT" skipped="0">
  <testcase classname="test_dao.ChiTietPhieuNhapTest" name="testSelectAll" time="0.011"/>
  <testcase classname="test_dao.ChiTietPhieuNhapTest" name="testSelectById" time="0.011"/>
  <testcase classname="test_dao.ChiTietPhieuNhapTest" name="testSelectBySql" time="0.012"/>
  <testcase classname="test_dao.ChiTietPhieuNhapTest" name="testDeleteByMPN" time="0.024"/>
  <testcase classname="test_dao.ChiTietPhieuNhapTest" name="testInsert" time="0.025"/>
  <testcase classname="test_dao.ChiTietPhieuNhapTest" name="testSelectByMPN" time="0.011"/>
</testsuite> <!-- test_dao.ChiTietPhieuNhapTest -->
