<?xml version="1.0" encoding="UTF-8"?>
<!-- Generated by org.testng.reporters.JUnitReportReporter -->
<testsuite hostname="jessy" failures="0" tests="6" name="test_dao.NhaCungCapDaoTest" time="0.103" errors="0" timestamp="2024-08-08T07:16:54 ICT" skipped="0">
  <testcase classname="test_dao.NhaCungCapDaoTest" name="testUpdate" time="0.021"/>
  <testcase classname="test_dao.NhaCungCapDaoTest" name="testInsert" time="0.023"/>
  <testcase classname="test_dao.NhaCungCapDaoTest" name="testSelectBySql" time="0.011"/>
  <testcase classname="test_dao.NhaCungCapDaoTest" name="testSelectById" time="0.012"/>
  <testcase classname="test_dao.NhaCungCapDaoTest" name="testDelete" time="0.024"/>
  <testcase classname="test_dao.NhaCungCapDaoTest" name="testSelectAll" time="0.012"/>
</testsuite> <!-- test_dao.NhaCungCapDaoTest -->
