<?xml version="1.0" encoding="UTF-8"?>
<!-- Generated by org.testng.reporters.JUnitReportReporter -->
<testsuite hostname="jessy" failures="0" tests="4" name="test_dao.phieuxuatdaotest" time="0.048" errors="0" timestamp="2024-08-08T07:16:54 ICT" skipped="0">
  <testcase classname="test_dao.phieuxuatdaotest" name="testInsert" time="0.020"/>
  <testcase classname="test_dao.phieuxuatdaotest" name="testSelectAll" time="0.010"/>
  <testcase classname="test_dao.phieuxuatdaotest" name="testSelectById" time="0.008"/>
  <testcase classname="test_dao.phieuxuatdaotest" name="testSelectBySql" time="0.010"/>
</testsuite> <!-- test_dao.phieuxuatdaotest -->
