<?xml version="1.0" encoding="UTF-8"?>
<!-- Generated by org.testng.reporters.JUnitReportReporter -->
<testsuite hostname="jessy" failures="0" tests="6" name="test_dao.ChiTietPhieuXuatTest" time="0.090" errors="0" timestamp="2024-08-08T07:16:54 ICT" skipped="0">
  <testcase classname="test_dao.ChiTietPhieuXuatTest" name="testDeleteByMPX" time="0.021"/>
  <testcase classname="test_dao.ChiTietPhieuXuatTest" name="testSelectAll" time="0.012"/>
  <testcase classname="test_dao.ChiTietPhieuXuatTest" name="testSelectById" time="0.011"/>
  <testcase classname="test_dao.ChiTietPhieuXuatTest" name="testInsert" time="0.022"/>
  <testcase classname="test_dao.ChiTietPhieuXuatTest" name="testSelectBySql" time="0.012"/>
  <testcase classname="test_dao.ChiTietPhieuXuatTest" name="testSelectByMPX" time="0.012"/>
</testsuite> <!-- test_dao.ChiTietPhieuXuatTest -->
