<?xml version="1.0" encoding="UTF-8"?>
<!-- Generated by org.testng.reporters.JUnitReportReporter -->
<testsuite hostname="jessy" failures="0" tests="5" name="test_dao.ChiTietHoaDonTest" time="0.092" errors="0" timestamp="2024-08-08T07:16:54 ICT" skipped="0">
  <testcase classname="test_dao.ChiTietHoaDonTest" name="testSelectById" time="0.012"/>
  <testcase classname="test_dao.ChiTietHoaDonTest" name="testSelectBySql" time="0.011"/>
  <testcase classname="test_dao.ChiTietHoaDonTest" name="testDelete" time="0.023"/>
  <testcase classname="test_dao.ChiTietHoaDonTest" name="testInsert" time="0.035"/>
  <testcase classname="test_dao.ChiTietHoaDonTest" name="testSelectAll" time="0.011"/>
</testsuite> <!-- test_dao.ChiTietHoaDonTest -->
