<?xml version="1.0" encoding="UTF-8"?>
<!-- Generated by org.testng.reporters.JUnitReportReporter -->
<testsuite hostname="jessy" failures="0" tests="6" name="test_dao.ChiPhiTest" time="0.120" errors="0" timestamp="2024-08-08T07:16:54 ICT" skipped="0">
  <testcase classname="test_dao.ChiPhiTest" name="testInsert" time="0.025"/>
  <testcase classname="test_dao.ChiPhiTest" name="testUpdate" time="0.026"/>
  <testcase classname="test_dao.ChiPhiTest" name="testSelectBySql" time="0.013"/>
  <testcase classname="test_dao.ChiPhiTest" name="testSelectById" time="0.013"/>
  <testcase classname="test_dao.ChiPhiTest" name="testDelete" time="0.027"/>
  <testcase classname="test_dao.ChiPhiTest" name="testSelectAll" time="0.016"/>
</testsuite> <!-- test_dao.ChiPhiTest -->
